@docson/
@docson/css/
@docson/css/docson.css
@docson/docson.js
@docson/index.html
@docson/lib/
@docson/lib/handlebars.js
@docson/lib/highlight.js
@docson/lib/jquery.js
@docson/lib/jsonpointer.js
@docson/lib/marked.js
@docson/lib/require.js
@docson/lib/traverse.js
@docson/templates/
@docson/templates/box.html
@docson/templates/signature.html
@docson/widget.js
ajax-loader.gif
beautify.js
custom-style.less
custom-variables.less
favicon.ico
prettify-default.css
run_prettify.js
script.js
style.less
tryout.js
